2023-06-20 18:26:30,782 [Worker-0: Loading available Gradle versions] INFO  o.e.b.c.i.u.g.PublishedGradleVersions - Gradle version information cache is up-to-date. Trying to read.
2023-06-20 18:26:48,596 [Worker-0: Updating Maven Dependencies] INFO  o.e.m.c.i.l.LifecycleMappingFactory - Using org.eclipse.m2e.jdt.JarLifecycleMapping lifecycle mapping for MavenProject: com.smhrd:back-end:0.0.1-SNAPSHOT @ C:\Users\smhrd\Desktop\hacksim_camping\back-end\pom.xml.
2023-06-20 18:26:48,596 [Worker-4: Building] INFO  o.e.m.c.i.l.LifecycleMappingFactory - Using org.eclipse.m2e.jdt.JarLifecycleMapping lifecycle mapping for MavenProject: com.smhrd:back-end:0.0.1-SNAPSHOT @ C:\Users\smhrd\Desktop\hacksim_camping\back-end\pom.xml.
2023-06-20 18:26:50,095 [Worker-4: Building] INFO  o.a.m.s.f.DefaultMavenResourcesFiltering - Copying 1 resource from src\main\resources to target\classes
2023-06-20 18:26:50,129 [Worker-4: Building] INFO  o.a.m.s.f.DefaultMavenResourcesFiltering - Copying 93 resources from src\main\resources to target\classes
2023-06-20 18:26:50,258 [Worker-4: Building] INFO  o.a.m.s.f.DefaultMavenResourcesFiltering - skip non existing resourceDirectory C:\Users\smhrd\Desktop\hacksim_camping\back-end\src\test\resources
2023-06-20 18:26:51,619 [Worker-6: Updating Maven Dependencies] INFO  o.e.m.c.i.l.LifecycleMappingFactory - Using org.eclipse.m2e.jdt.JarLifecycleMapping lifecycle mapping for MavenProject: com.smhrd:back-end:0.0.1-SNAPSHOT @ C:\Users\smhrd\Desktop\hacksim_camping\back-end\pom.xml.
2023-06-20 18:28:03,389 [Worker-1: Updating Maven Project] INFO  o.e.m.c.i.p.ProjectConfigurationManager - Update started
2023-06-20 18:28:03,596 [Worker-1: Updating Maven Project] INFO  o.e.m.c.i.l.LifecycleMappingFactory - Using org.eclipse.m2e.jdt.JarLifecycleMapping lifecycle mapping for MavenProject: com.smhrd:back-end:0.0.1-SNAPSHOT @ C:\Users\smhrd\Desktop\hacksim_camping\back-end\pom.xml.
2023-06-20 18:28:03,957 [Worker-1: Updating Maven Project] INFO  o.e.m.j.i.AbstractJavaProjectConfigurator - Adding source folder /back-end/src/main/java
2023-06-20 18:28:03,958 [Worker-1: Updating Maven Project] INFO  o.e.m.j.i.AbstractJavaProjectConfigurator - Adding resource folder /back-end/src/main/resources
2023-06-20 18:28:03,959 [Worker-1: Updating Maven Project] INFO  o.e.m.j.i.AbstractJavaProjectConfigurator - Adding resource folder /back-end/src/main/resources
2023-06-20 18:28:03,959 [Worker-1: Updating Maven Project] INFO  o.e.m.j.i.AbstractJavaProjectConfigurator - Adding source folder /back-end/src/test/java
2023-06-20 18:28:04,280 [Worker-1: Updating Maven Project] INFO  o.e.m.c.i.p.ProjectConfigurationManager - Update completed for 1 poms: local refresh takes 0.00 sec, refresh facades takes 0.00 sec, update config takes 0.00 sec 
2023-06-20 18:28:04,740 [Worker-2: Building] INFO  o.a.m.s.f.DefaultMavenResourcesFiltering - Copying 1 resource from src\main\resources to target\classes
2023-06-20 18:28:04,763 [Worker-2: Building] INFO  o.a.m.s.f.DefaultMavenResourcesFiltering - Copying 93 resources from src\main\resources to target\classes
2023-06-20 18:28:04,933 [Worker-2: Building] INFO  o.a.m.s.f.DefaultMavenResourcesFiltering - skip non existing resourceDirectory C:\Users\smhrd\Desktop\hacksim_camping\back-end\src\test\resources
2023-06-20 18:29:16,931 [Worker-3: Building] INFO  o.a.m.s.f.DefaultMavenResourcesFiltering - Copying 0 resource from src\main\resources to target\classes
2023-06-20 18:29:16,932 [Worker-3: Building] INFO  o.a.m.s.f.DefaultMavenResourcesFiltering - Copying 1 resource from src\main\resources to target\classes
2023-06-20 18:29:16,935 [Worker-3: Building] INFO  o.a.m.s.f.DefaultMavenResourcesFiltering - skip non existing resourceDirectory C:\Users\smhrd\Desktop\hacksim_camping\back-end\src\test\resources
2023-06-20 18:29:18,014 [Worker-11: Building] INFO  o.a.m.s.f.DefaultMavenResourcesFiltering - Copying 1 resource from src\main\resources to target\classes
2023-06-20 18:29:18,021 [Worker-11: Building] INFO  o.a.m.s.f.DefaultMavenResourcesFiltering - Copying 0 resource from src\main\resources to target\classes
2023-06-20 18:29:18,024 [Worker-11: Building] INFO  o.a.m.s.f.DefaultMavenResourcesFiltering - skip non existing resourceDirectory C:\Users\smhrd\Desktop\hacksim_camping\back-end\src\test\resources
2023-06-20 18:29:50,252 [Worker-4: Building] INFO  o.a.m.s.f.DefaultMavenResourcesFiltering - Copying 0 resource from src\main\resources to target\classes
2023-06-20 18:29:50,253 [Worker-4: Building] INFO  o.a.m.s.f.DefaultMavenResourcesFiltering - Copying 1 resource from src\main\resources to target\classes
2023-06-20 18:29:50,257 [Worker-4: Building] INFO  o.a.m.s.f.DefaultMavenResourcesFiltering - skip non existing resourceDirectory C:\Users\smhrd\Desktop\hacksim_camping\back-end\src\test\resources
2023-06-21 10:01:06,941 [Worker-4: Loading available Gradle versions] INFO  o.e.b.c.i.u.g.PublishedGradleVersions - Gradle version information cache is up-to-date. Trying to read.
2023-06-21 10:01:12,142 [Worker-0: Building] INFO  o.e.m.c.i.l.LifecycleMappingFactory - Using org.eclipse.m2e.jdt.JarLifecycleMapping lifecycle mapping for MavenProject: com.smhrd:back-end:0.0.1-SNAPSHOT @ C:\Users\smhrd\Desktop\hacksim_camping\back-end\pom.xml.
2023-06-21 10:01:13,583 [Worker-0: Building] INFO  o.a.m.s.f.DefaultMavenResourcesFiltering - Copying 1 resource from src\main\resources to target\classes
2023-06-21 10:01:13,601 [Worker-0: Building] INFO  o.a.m.s.f.DefaultMavenResourcesFiltering - Copying 95 resources from src\main\resources to target\classes
2023-06-21 10:01:13,715 [Worker-0: Building] INFO  o.a.m.s.f.DefaultMavenResourcesFiltering - skip non existing resourceDirectory C:\Users\smhrd\Desktop\hacksim_camping\back-end\src\test\resources
2023-06-21 10:01:48,370 [Worker-0: Building] INFO  o.a.m.s.f.DefaultMavenResourcesFiltering - Copying 0 resource from src\main\resources to target\classes
2023-06-21 10:01:48,370 [Worker-0: Building] INFO  o.a.m.s.f.DefaultMavenResourcesFiltering - Copying 1 resource from src\main\resources to target\classes
2023-06-21 10:01:48,374 [Worker-0: Building] INFO  o.a.m.s.f.DefaultMavenResourcesFiltering - skip non existing resourceDirectory C:\Users\smhrd\Desktop\hacksim_camping\back-end\src\test\resources
2023-06-21 11:41:22,780 [Worker-38: Building] INFO  o.a.m.s.f.DefaultMavenResourcesFiltering - Copying 0 resource from src\main\resources to target\classes
2023-06-21 11:41:22,780 [Worker-38: Building] INFO  o.a.m.s.f.DefaultMavenResourcesFiltering - Copying 1 resource from src\main\resources to target\classes
2023-06-21 11:41:22,785 [Worker-38: Building] INFO  o.a.m.s.f.DefaultMavenResourcesFiltering - skip non existing resourceDirectory C:\Users\smhrd\Desktop\hacksim_camping\back-end\src\test\resources
2023-06-21 12:10:23,420 [Worker-44: Building] INFO  o.a.m.s.f.DefaultMavenResourcesFiltering - Copying 1 resource from src\main\resources to target\classes
2023-06-21 12:10:23,433 [Worker-44: Building] INFO  o.a.m.s.f.DefaultMavenResourcesFiltering - Copying 96 resources from src\main\resources to target\classes
2023-06-21 12:10:23,455 [Worker-44: Building] INFO  o.a.m.s.f.DefaultMavenResourcesFiltering - skip non existing resourceDirectory C:\Users\smhrd\Desktop\hacksim_camping\back-end\src\test\resources
2023-06-21 12:11:05,974 [Worker-44: Building] INFO  o.a.m.s.f.DefaultMavenResourcesFiltering - Copying 1 resource from src\main\resources to target\classes
2023-06-21 12:11:05,992 [Worker-44: Building] INFO  o.a.m.s.f.DefaultMavenResourcesFiltering - Copying 96 resources from src\main\resources to target\classes
2023-06-21 12:11:06,013 [Worker-44: Building] INFO  o.a.m.s.f.DefaultMavenResourcesFiltering - skip non existing resourceDirectory C:\Users\smhrd\Desktop\hacksim_camping\back-end\src\test\resources
2023-06-21 12:11:12,417 [Worker-5: Building] INFO  o.a.m.s.f.DefaultMavenResourcesFiltering - Copying 1 resource from src\main\resources to target\classes
2023-06-21 12:11:12,428 [Worker-5: Building] INFO  o.a.m.s.f.DefaultMavenResourcesFiltering - Copying 96 resources from src\main\resources to target\classes
2023-06-21 12:11:12,447 [Worker-5: Building] INFO  o.a.m.s.f.DefaultMavenResourcesFiltering - skip non existing resourceDirectory C:\Users\smhrd\Desktop\hacksim_camping\back-end\src\test\resources
2023-06-21 12:11:16,523 [Worker-5: Building] INFO  o.a.m.s.f.DefaultMavenResourcesFiltering - Copying 1 resource from src\main\resources to target\classes
2023-06-21 12:11:16,533 [Worker-5: Building] INFO  o.a.m.s.f.DefaultMavenResourcesFiltering - Copying 96 resources from src\main\resources to target\classes
2023-06-21 12:11:16,552 [Worker-5: Building] INFO  o.a.m.s.f.DefaultMavenResourcesFiltering - skip non existing resourceDirectory C:\Users\smhrd\Desktop\hacksim_camping\back-end\src\test\resources
2023-06-21 12:12:14,955 [Worker-5: Building] INFO  o.a.m.s.f.DefaultMavenResourcesFiltering - Copying 1 resource from src\main\resources to target\classes
2023-06-21 12:12:14,966 [Worker-5: Building] INFO  o.a.m.s.f.DefaultMavenResourcesFiltering - Copying 96 resources from src\main\resources to target\classes
2023-06-21 12:12:14,988 [Worker-5: Building] INFO  o.a.m.s.f.DefaultMavenResourcesFiltering - skip non existing resourceDirectory C:\Users\smhrd\Desktop\hacksim_camping\back-end\src\test\resources
2023-06-21 15:11:56,530 [Worker-0: Loading available Gradle versions] INFO  o.e.b.c.i.u.g.PublishedGradleVersions - Gradle version information cache is up-to-date. Trying to read.
2023-06-21 15:12:19,442 [Worker-7: Update Maven projects configuration] INFO  o.e.m.c.i.p.ProjectConfigurationManager - Update started
2023-06-21 15:12:20,634 [Worker-7: Update Maven projects configuration] INFO  o.e.m.c.i.l.LifecycleMappingFactory - Using org.eclipse.m2e.jdt.JarLifecycleMapping lifecycle mapping for MavenProject: com.smhrd:back-end:0.0.1-SNAPSHOT @ C:\Users\smhrd\OneDrive\πŸ≈¡ »≠∏È\hacksim_camping\back-end\pom.xml.
2023-06-21 15:12:21,954 [Worker-7: Update Maven projects configuration] INFO  o.e.m.j.i.AbstractJavaProjectConfigurator - Adding source folder /back-end/src/main/java
2023-06-21 15:12:21,954 [Worker-7: Update Maven projects configuration] INFO  o.e.m.j.i.AbstractJavaProjectConfigurator - Adding resource folder /back-end/src/main/resources
2023-06-21 15:12:21,961 [Worker-7: Update Maven projects configuration] INFO  o.e.m.j.i.AbstractJavaProjectConfigurator - Adding resource folder /back-end/src/main/resources
2023-06-21 15:12:21,975 [Worker-7: Update Maven projects configuration] INFO  o.e.m.j.i.AbstractJavaProjectConfigurator - Adding source folder /back-end/src/test/java
2023-06-21 15:12:23,911 [Worker-1: Download sources and javadoc] INFO  o.e.m.c.i.e.AbstractTransferListenerAdapter - Downloading https://repo.maven.apache.org/maven2/commons-fileupload/commons-fileupload/1.4/commons-fileupload-1.4-sources.jar
2023-06-21 15:12:24,431 [Worker-1: Download sources and javadoc] INFO  o.e.m.c.i.e.AbstractTransferListenerAdapter - Downloaded https://repo.maven.apache.org/maven2/commons-fileupload/commons-fileupload/1.4/commons-fileupload-1.4-sources.jar
2023-06-21 15:12:24,435 [Worker-1: Download sources and javadoc] INFO  o.e.m.j.internal.DownloadSourcesJob - Downloaded sources for commons-fileupload:commons-fileupload:1.4
2023-06-21 15:12:25,876 [Worker-7: Update Maven projects configuration] INFO  o.e.m.c.i.p.ProjectConfigurationManager - Update completed for 1 poms: local refresh takes 0.00 sec, refresh facades takes 2.00 sec, update config takes 4.00 sec 
2023-06-21 15:12:26,718 [Worker-0: Building] INFO  o.a.m.s.f.DefaultMavenResourcesFiltering - Copying 1 resource from src\main\resources to target\classes
2023-06-21 15:12:26,741 [Worker-0: Building] INFO  o.a.m.s.f.DefaultMavenResourcesFiltering - Copying 96 resources from src\main\resources to target\classes
2023-06-21 15:12:26,891 [Worker-0: Building] INFO  o.a.m.s.f.DefaultMavenResourcesFiltering - skip non existing resourceDirectory C:\Users\smhrd\OneDrive\πŸ≈¡ »≠∏È\hacksim_camping\back-end\src\test\resources
2023-06-21 15:13:03,471 [Worker-1: Updating Maven Project] INFO  o.e.m.c.i.p.ProjectConfigurationManager - Update started
2023-06-21 15:13:03,699 [Worker-1: Updating Maven Project] INFO  o.e.m.c.i.l.LifecycleMappingFactory - Using org.eclipse.m2e.jdt.JarLifecycleMapping lifecycle mapping for MavenProject: com.smhrd:back-end:0.0.1-SNAPSHOT @ C:\Users\smhrd\OneDrive\πŸ≈¡ »≠∏È\hacksim_camping\back-end\pom.xml.
2023-06-21 15:13:04,024 [Worker-1: Updating Maven Project] INFO  o.e.m.j.i.AbstractJavaProjectConfigurator - Adding source folder /back-end/src/main/java
2023-06-21 15:13:04,025 [Worker-1: Updating Maven Project] INFO  o.e.m.j.i.AbstractJavaProjectConfigurator - Adding resource folder /back-end/src/main/resources
2023-06-21 15:13:04,026 [Worker-1: Updating Maven Project] INFO  o.e.m.j.i.AbstractJavaProjectConfigurator - Adding resource folder /back-end/src/main/resources
2023-06-21 15:13:04,027 [Worker-1: Updating Maven Project] INFO  o.e.m.j.i.AbstractJavaProjectConfigurator - Adding source folder /back-end/src/test/java
2023-06-21 15:13:04,260 [Worker-1: Updating Maven Project] INFO  o.e.m.c.i.p.ProjectConfigurationManager - Update completed for 1 poms: local refresh takes 0.00 sec, refresh facades takes 0.00 sec, update config takes 0.00 sec 
2023-06-21 15:13:04,632 [Worker-6: Building] INFO  o.a.m.s.f.DefaultMavenResourcesFiltering - Copying 1 resource from src\main\resources to target\classes
2023-06-21 15:13:04,648 [Worker-6: Building] INFO  o.a.m.s.f.DefaultMavenResourcesFiltering - Copying 96 resources from src\main\resources to target\classes
2023-06-21 15:13:04,774 [Worker-6: Building] INFO  o.a.m.s.f.DefaultMavenResourcesFiltering - skip non existing resourceDirectory C:\Users\smhrd\OneDrive\πŸ≈¡ »≠∏È\hacksim_camping\back-end\src\test\resources
2023-06-21 15:23:19,089 [Worker-13: Building] INFO  o.a.m.s.f.DefaultMavenResourcesFiltering - Copying 1 resource from src\main\resources to target\classes
2023-06-21 15:23:19,107 [Worker-13: Building] INFO  o.a.m.s.f.DefaultMavenResourcesFiltering - Copying 96 resources from src\main\resources to target\classes
2023-06-21 15:23:19,128 [Worker-13: Building] INFO  o.a.m.s.f.DefaultMavenResourcesFiltering - skip non existing resourceDirectory C:\Users\smhrd\OneDrive\πŸ≈¡ »≠∏È\hacksim_camping\back-end\src\test\resources
2023-06-21 15:23:31,618 [Worker-13: Building] INFO  o.a.m.s.f.DefaultMavenResourcesFiltering - Copying 1 resource from src\main\resources to target\classes
2023-06-21 15:23:31,627 [Worker-13: Building] INFO  o.a.m.s.f.DefaultMavenResourcesFiltering - Copying 96 resources from src\main\resources to target\classes
2023-06-21 15:23:31,645 [Worker-13: Building] INFO  o.a.m.s.f.DefaultMavenResourcesFiltering - skip non existing resourceDirectory C:\Users\smhrd\OneDrive\πŸ≈¡ »≠∏È\hacksim_camping\back-end\src\test\resources
2023-06-21 15:23:38,174 [Worker-13: Building] INFO  o.a.m.s.f.DefaultMavenResourcesFiltering - Copying 0 resource from src\main\resources to target\classes
2023-06-21 15:23:38,174 [Worker-13: Building] INFO  o.a.m.s.f.DefaultMavenResourcesFiltering - Copying 0 resource from src\main\resources to target\classes
2023-06-21 15:23:38,178 [Worker-13: Building] INFO  o.a.m.s.f.DefaultMavenResourcesFiltering - skip non existing resourceDirectory C:\Users\smhrd\OneDrive\πŸ≈¡ »≠∏È\hacksim_camping\back-end\src\test\resources
2023-06-21 15:23:58,523 [Worker-11: Building] INFO  o.a.m.s.f.DefaultMavenResourcesFiltering - Copying 1 resource from src\main\resources to target\classes
2023-06-21 15:23:58,531 [Worker-11: Building] INFO  o.a.m.s.f.DefaultMavenResourcesFiltering - Copying 96 resources from src\main\resources to target\classes
2023-06-21 15:23:58,548 [Worker-11: Building] INFO  o.a.m.s.f.DefaultMavenResourcesFiltering - skip non existing resourceDirectory C:\Users\smhrd\OneDrive\πŸ≈¡ »≠∏È\hacksim_camping\back-end\src\test\resources
2023-06-21 15:24:18,630 [Worker-11: Building] INFO  o.a.m.s.f.DefaultMavenResourcesFiltering - Copying 1 resource from src\main\resources to target\classes
2023-06-21 15:24:18,639 [Worker-11: Building] INFO  o.a.m.s.f.DefaultMavenResourcesFiltering - Copying 96 resources from src\main\resources to target\classes
2023-06-21 15:24:18,657 [Worker-11: Building] INFO  o.a.m.s.f.DefaultMavenResourcesFiltering - skip non existing resourceDirectory C:\Users\smhrd\OneDrive\πŸ≈¡ »≠∏È\hacksim_camping\back-end\src\test\resources
2023-06-21 15:24:48,837 [Worker-13: Updating Maven Project] INFO  o.e.m.c.i.p.ProjectConfigurationManager - Update started
2023-06-21 15:24:49,030 [Worker-13: Updating Maven Project] INFO  o.e.m.c.i.l.LifecycleMappingFactory - Using org.eclipse.m2e.jdt.JarLifecycleMapping lifecycle mapping for MavenProject: com.smhrd:back-end:0.0.1-SNAPSHOT @ C:\Users\smhrd\OneDrive\πŸ≈¡ »≠∏È\hacksim_camping\back-end\pom.xml.
2023-06-21 15:24:49,313 [Worker-13: Updating Maven Project] INFO  o.e.m.j.i.AbstractJavaProjectConfigurator - Adding source folder /back-end/src/main/java
2023-06-21 15:24:49,313 [Worker-13: Updating Maven Project] INFO  o.e.m.j.i.AbstractJavaProjectConfigurator - Adding resource folder /back-end/src/main/resources
2023-06-21 15:24:49,314 [Worker-13: Updating Maven Project] INFO  o.e.m.j.i.AbstractJavaProjectConfigurator - Adding resource folder /back-end/src/main/resources
2023-06-21 15:24:49,314 [Worker-13: Updating Maven Project] INFO  o.e.m.j.i.AbstractJavaProjectConfigurator - Adding source folder /back-end/src/test/java
2023-06-21 15:24:49,578 [Worker-13: Updating Maven Project] INFO  o.e.m.c.i.p.ProjectConfigurationManager - Update completed for 1 poms: local refresh takes 0.00 sec, refresh facades takes 0.00 sec, update config takes 0.00 sec 
2023-06-21 15:24:49,944 [Worker-10: Building] INFO  o.a.m.s.f.DefaultMavenResourcesFiltering - Copying 1 resource from src\main\resources to target\classes
2023-06-21 15:24:49,958 [Worker-10: Building] INFO  o.a.m.s.f.DefaultMavenResourcesFiltering - Copying 96 resources from src\main\resources to target\classes
2023-06-21 15:24:50,049 [Worker-10: Building] INFO  o.a.m.s.f.DefaultMavenResourcesFiltering - skip non existing resourceDirectory C:\Users\smhrd\OneDrive\πŸ≈¡ »≠∏È\hacksim_camping\back-end\src\test\resources
2023-06-21 15:25:32,354 [Worker-16: Updating Maven Project] INFO  o.e.m.c.i.p.ProjectConfigurationManager - Update started
2023-06-21 15:25:32,540 [Worker-16: Updating Maven Project] INFO  o.e.m.c.i.l.LifecycleMappingFactory - Using org.eclipse.m2e.jdt.JarLifecycleMapping lifecycle mapping for MavenProject: com.smhrd:back-end:0.0.1-SNAPSHOT @ C:\Users\smhrd\OneDrive\πŸ≈¡ »≠∏È\hacksim_camping\back-end\pom.xml.
2023-06-21 15:25:32,823 [Worker-16: Updating Maven Project] INFO  o.e.m.j.i.AbstractJavaProjectConfigurator - Adding source folder /back-end/src/main/java
2023-06-21 15:25:32,824 [Worker-16: Updating Maven Project] INFO  o.e.m.j.i.AbstractJavaProjectConfigurator - Adding resource folder /back-end/src/main/resources
2023-06-21 15:25:32,824 [Worker-16: Updating Maven Project] INFO  o.e.m.j.i.AbstractJavaProjectConfigurator - Adding resource folder /back-end/src/main/resources
2023-06-21 15:25:32,825 [Worker-16: Updating Maven Project] INFO  o.e.m.j.i.AbstractJavaProjectConfigurator - Adding source folder /back-end/src/test/java
2023-06-21 15:25:33,016 [Worker-16: Updating Maven Project] INFO  o.e.m.c.i.p.ProjectConfigurationManager - Update completed for 1 poms: local refresh takes 0.00 sec, refresh facades takes 0.00 sec, update config takes 0.00 sec 
2023-06-21 15:25:33,364 [Worker-16: Building] INFO  o.a.m.s.f.DefaultMavenResourcesFiltering - Copying 1 resource from src\main\resources to target\classes
2023-06-21 15:25:33,375 [Worker-16: Building] INFO  o.a.m.s.f.DefaultMavenResourcesFiltering - Copying 96 resources from src\main\resources to target\classes
2023-06-21 15:25:33,470 [Worker-16: Building] INFO  o.a.m.s.f.DefaultMavenResourcesFiltering - skip non existing resourceDirectory C:\Users\smhrd\OneDrive\πŸ≈¡ »≠∏È\hacksim_camping\back-end\src\test\resources
2023-06-21 17:25:36,964 [Worker-39: Building] INFO  o.a.m.s.f.DefaultMavenResourcesFiltering - Copying 0 resource from src\main\resources to target\classes
2023-06-21 17:25:36,965 [Worker-39: Building] INFO  o.a.m.s.f.DefaultMavenResourcesFiltering - Copying 0 resource from src\main\resources to target\classes
2023-06-21 17:25:36,970 [Worker-39: Building] INFO  o.a.m.s.f.DefaultMavenResourcesFiltering - skip non existing resourceDirectory C:\Users\smhrd\OneDrive\πŸ≈¡ »≠∏È\hacksim_camping\back-end\src\test\resources
